# JRE version: OpenJDK Runtime Environment Temurin-21.0.8+9 (21.0.8+9) (build 21.0.8+9-LTS)
# Java VM: OpenJDK 64-Bit Server VM Temurin-21.0.8+9 (21.0.8+9-LTS, mixed mode, sharing, tiered, compressed oops, compressed class ptrs, parallel gc, windows-amd64)
GC Precious Log:
 CardTable entry size: 512
 CPUs: 16 total, 16 available
 Memory: 16066M
 Large Page Support: Disabled
 NUMA Support: Disabled
 Compressed Oops: Enabled (32-bit)
 Alignments: Space 512K, Generation 512K, Heap 2M
 Heap Min Capacity: 100M
 Heap Initial Capacity: 100M
 Heap Max Capacity: 2G
 Pre-touch: Disabled
 Parallel Workers: 13
Heap:
 PSYoungGen      total 18432K, used 9597K [0x00000000d5580000, 0x00000000d6b00000, 0x0000000100000000)
  eden space 17920K, 50% used [0x00000000d5580000,0x00000000d5e5f518,0x00000000d6700000)
  from space 512K, 100% used [0x00000000d6a80000,0x00000000d6b00000,0x00000000d6b00000)
  to   space 1536K, 0% used [0x00000000d6800000,0x00000000d6800000,0x00000000d6980000)
 ParOldGen       total 68608K, used 24710K [0x0000000080000000, 0x0000000084300000, 0x00000000d5580000)
  object space 68608K, 36% used [0x0000000080000000,0x0000000081821a48,0x0000000084300000)
 Metaspace       used 31430K, committed 32384K, reserved 1114112K
  class space    used 3111K, committed 3520K, reserved 1048576K
GC Heap History (20 events):
Event: 10.518 GC heap before
{Heap before GC invocations=6 (full 0):
 PSYoungGen      total 29184K, used 29176K [0x00000000d5580000, 0x00000000d7a00000, 0x0000000100000000)
  eden space 25088K, 100% used [0x00000000d5580000,0x00000000d6e00000,0x00000000d6e00000)
  from space 4096K, 99% used [0x00000000d6e80000,0x00000000d727e388,0x00000000d7280000)
  to   space 6144K, 0% used [0x00000000d7400000,0x00000000d7400000,0x00000000d7a00000)
 ParOldGen       total 68608K, used 7908K [0x0000000080000000, 0x0000000084300000, 0x00000000d5580000)
  object space 68608K, 11% used [0x0000000080000000,0x00000000807b9378,0x0000000084300000)
 Metaspace       used 15980K, committed 16576K, reserved 1114112K
  class space    used 1629K, committed 1920K, reserved 1048576K
}
Event: 10.534 GC heap after
{Heap after GC invocations=6 (full 0):
 PSYoungGen      total 24064K, used 6116K [0x00000000d5580000, 0x00000000d8780000, 0x0000000100000000)
  eden space 17920K, 0% used [0x00000000d5580000,0x00000000d5580000,0x00000000d6700000)
  from space 6144K, 99% used [0x00000000d7400000,0x00000000d79f9318,0x00000000d7a00000)
  to   space 13312K, 0% used [0x00000000d6700000,0x00000000d6700000,0x00000000d7400000)
 ParOldGen       total 68608K, used 13700K [0x0000000080000000, 0x0000000084300000, 0x00000000d5580000)
  object space 68608K, 19% used [0x0000000080000000,0x0000000080d61388,0x0000000084300000)
 Metaspace       used 15980K, committed 16576K, reserved 1114112K
  class space    used 1629K, committed 1920K, reserved 1048576K
}
Event: 13.087 GC heap before
{Heap before GC invocations=7 (full 0):
 PSYoungGen      total 24064K, used 24036K [0x00000000d5580000, 0x00000000d8780000, 0x0000000100000000)
  eden space 17920K, 100% used [0x00000000d5580000,0x00000000d6700000,0x00000000d6700000)
  from space 6144K, 99% used [0x00000000d7400000,0x00000000d79f9318,0x00000000d7a00000)
  to   space 13312K, 0% used [0x00000000d6700000,0x00000000d6700000,0x00000000d7400000)
 ParOldGen       total 68608K, used 13700K [0x0000000080000000, 0x0000000084300000, 0x00000000d5580000)
  object space 68608K, 19% used [0x0000000080000000,0x0000000080d61388,0x0000000084300000)
 Metaspace       used 17618K, committed 18240K, reserved 1114112K
  class space    used 1803K, committed 2048K, reserved 1048576K
}
Event: 13.098 GC heap after
{Heap after GC invocations=7 (full 0):
 PSYoungGen      total 24576K, used 6216K [0x00000000d5580000, 0x00000000d7800000, 0x0000000100000000)
  eden space 17920K, 0% used [0x00000000d5580000,0x00000000d5580000,0x00000000d6700000)
  from space 6656K, 93% used [0x00000000d6700000,0x00000000d6d120b8,0x00000000d6d80000)
  to   space 8704K, 0% used [0x00000000d6f80000,0x00000000d6f80000,0x00000000d7800000)
 ParOldGen       total 68608K, used 15463K [0x0000000080000000, 0x0000000084300000, 0x00000000d5580000)
  object space 68608K, 22% used [0x0000000080000000,0x0000000080f19c88,0x0000000084300000)
 Metaspace       used 17618K, committed 18240K, reserved 1114112K
  class space    used 1803K, committed 2048K, reserved 1048576K
}
Event: 14.440 GC heap before
{Heap before GC invocations=8 (full 0):
 PSYoungGen      total 24576K, used 24136K [0x00000000d5580000, 0x00000000d7800000, 0x0000000100000000)
  eden space 17920K, 100% used [0x00000000d5580000,0x00000000d6700000,0x00000000d6700000)
  from space 6656K, 93% used [0x00000000d6700000,0x00000000d6d120b8,0x00000000d6d80000)
  to   space 8704K, 0% used [0x00000000d6f80000,0x00000000d6f80000,0x00000000d7800000)
 ParOldGen       total 68608K, used 15463K [0x0000000080000000, 0x0000000084300000, 0x00000000d5580000)
  object space 68608K, 22% used [0x0000000080000000,0x0000000080f19c88,0x0000000084300000)
 Metaspace       used 19463K, committed 20288K, reserved 1114112K
  class space    used 1990K, committed 2304K, reserved 1048576K
}
Event: 14.447 GC heap after
{Heap after GC invocations=8 (full 0):
 PSYoungGen      total 24576K, used 6296K [0x00000000d5580000, 0x00000000d7600000, 0x0000000100000000)
  eden space 17920K, 0% used [0x00000000d5580000,0x00000000d5580000,0x00000000d6700000)
  from space 6656K, 94% used [0x00000000d6f80000,0x00000000d75a60a0,0x00000000d7600000)
  to   space 6656K, 0% used [0x00000000d6700000,0x00000000d6700000,0x00000000d6d80000)
 ParOldGen       total 68608K, used 15850K [0x0000000080000000, 0x0000000084300000, 0x00000000d5580000)
  object space 68608K, 23% used [0x0000000080000000,0x0000000080f7a9a8,0x0000000084300000)
 Metaspace       used 19463K, committed 20288K, reserved 1114112K
  class space    used 1990K, committed 2304K, reserved 1048576K
}
Event: 14.968 GC heap before
{Heap before GC invocations=9 (full 0):
 PSYoungGen      total 24576K, used 18893K [0x00000000d5580000, 0x00000000d7600000, 0x0000000100000000)
  eden space 17920K, 70% used [0x00000000d5580000,0x00000000d61cd670,0x00000000d6700000)
  from space 6656K, 94% used [0x00000000d6f80000,0x00000000d75a60a0,0x00000000d7600000)
  to   space 6656K, 0% used [0x00000000d6700000,0x00000000d6700000,0x00000000d6d80000)
 ParOldGen       total 68608K, used 15850K [0x0000000080000000, 0x0000000084300000, 0x00000000d5580000)
  object space 68608K, 23% used [0x0000000080000000,0x0000000080f7a9a8,0x0000000084300000)
 Metaspace       used 20689K, committed 21504K, reserved 1114112K
  class space    used 2146K, committed 2496K, reserved 1048576K
}
Event: 14.976 GC heap after
{Heap after GC invocations=9 (full 0):
 PSYoungGen      total 21504K, used 3530K [0x00000000d5580000, 0x00000000d7000000, 0x0000000100000000)
  eden space 17920K, 0% used [0x00000000d5580000,0x00000000d5580000,0x00000000d6700000)
  from space 3584K, 98% used [0x00000000d6700000,0x00000000d6a72ac8,0x00000000d6a80000)
  to   space 4608K, 0% used [0x00000000d6b80000,0x00000000d6b80000,0x00000000d7000000)
 ParOldGen       total 68608K, used 19216K [0x0000000080000000, 0x0000000084300000, 0x00000000d5580000)
  object space 68608K, 28% used [0x0000000080000000,0x00000000812c41e0,0x0000000084300000)
 Metaspace       used 20689K, committed 21504K, reserved 1114112K
  class space    used 2146K, committed 2496K, reserved 1048576K
}
Event: 14.976 GC heap before
{Heap before GC invocations=10 (full 1):
 PSYoungGen      total 21504K, used 3530K [0x00000000d5580000, 0x00000000d7000000, 0x0000000100000000)
  eden space 17920K, 0% used [0x00000000d5580000,0x00000000d5580000,0x00000000d6700000)
  from space 3584K, 98% used [0x00000000d6700000,0x00000000d6a72ac8,0x00000000d6a80000)
  to   space 4608K, 0% used [0x00000000d6b80000,0x00000000d6b80000,0x00000000d7000000)
 ParOldGen       total 68608K, used 19216K [0x0000000080000000, 0x0000000084300000, 0x00000000d5580000)
  object space 68608K, 28% used [0x0000000080000000,0x00000000812c41e0,0x0000000084300000)
 Metaspace       used 20689K, committed 21504K, reserved 1114112K
  class space    used 2146K, committed 2496K, reserved 1048576K
}
Event: 15.051 GC heap after
{Heap after GC invocations=10 (full 1):
 PSYoungGen      total 21504K, used 0K [0x00000000d5580000, 0x00000000d7000000, 0x0000000100000000)
  eden space 17920K, 0% used [0x00000000d5580000,0x00000000d5580000,0x00000000d6700000)
  from space 3584K, 0% used [0x00000000d6700000,0x00000000d6700000,0x00000000d6a80000)
  to   space 4608K, 0% used [0x00000000d6b80000,0x00000000d6b80000,0x00000000d7000000)
 ParOldGen       total 68608K, used 21181K [0x0000000080000000, 0x0000000084300000, 0x00000000d5580000)
  object space 68608K, 30% used [0x0000000080000000,0x00000000814af6f0,0x0000000084300000)
 Metaspace       used 20676K, committed 21504K, reserved 1114112K
  class space    used 2142K, committed 2496K, reserved 1048576K
}
Event: 15.563 GC heap before
{Heap before GC invocations=11 (full 1):
 PSYoungGen      total 21504K, used 17920K [0x00000000d5580000, 0x00000000d7000000, 0x0000000100000000)
  eden space 17920K, 100% used [0x00000000d5580000,0x00000000d6700000,0x00000000d6700000)
  from space 3584K, 0% used [0x00000000d6700000,0x00000000d6700000,0x00000000d6a80000)
  to   space 4608K, 0% used [0x00000000d6b80000,0x00000000d6b80000,0x00000000d7000000)
 ParOldGen       total 68608K, used 21181K [0x0000000080000000, 0x0000000084300000, 0x00000000d5580000)
  object space 68608K, 30% used [0x0000000080000000,0x00000000814af6f0,0x0000000084300000)
 Metaspace       used 22509K, committed 23360K, reserved 1114112K
  class space    used 2301K, committed 2624K, reserved 1048576K
}
Event: 15.566 GC heap after
{Heap after GC invocations=11 (full 1):
 PSYoungGen      total 20992K, used 2746K [0x00000000d5580000, 0x00000000d6e80000, 0x0000000100000000)
  eden space 17920K, 0% used [0x00000000d5580000,0x00000000d5580000,0x00000000d6700000)
  from space 3072K, 89% used [0x00000000d6b80000,0x00000000d6e2e848,0x00000000d6e80000)
  to   space 3584K, 0% used [0x00000000d6780000,0x00000000d6780000,0x00000000d6b00000)
 ParOldGen       total 68608K, used 21189K [0x0000000080000000, 0x0000000084300000, 0x00000000d5580000)
  object space 68608K, 30% used [0x0000000080000000,0x00000000814b16f0,0x0000000084300000)
 Metaspace       used 22509K, committed 23360K, reserved 1114112K
  class space    used 2301K, committed 2624K, reserved 1048576K
}
Event: 15.847 GC heap before
{Heap before GC invocations=12 (full 1):
 PSYoungGen      total 20992K, used 20666K [0x00000000d5580000, 0x00000000d6e80000, 0x0000000100000000)
  eden space 17920K, 100% used [0x00000000d5580000,0x00000000d6700000,0x00000000d6700000)
  from space 3072K, 89% used [0x00000000d6b80000,0x00000000d6e2e848,0x00000000d6e80000)
  to   space 3584K, 0% used [0x00000000d6780000,0x00000000d6780000,0x00000000d6b00000)
 ParOldGen       total 68608K, used 21189K [0x0000000080000000, 0x0000000084300000, 0x00000000d5580000)
  object space 68608K, 30% used [0x0000000080000000,0x00000000814b16f0,0x0000000084300000)
 Metaspace       used 24648K, committed 25472K, reserved 1114112K
  class space    used 2429K, committed 2752K, reserved 1048576K
}
Event: 15.850 GC heap after
{Heap after GC invocations=12 (full 1):
 PSYoungGen      total 18432K, used 506K [0x00000000d5580000, 0x00000000d6c00000, 0x0000000100000000)
  eden space 17920K, 0% used [0x00000000d5580000,0x00000000d5580000,0x00000000d6700000)
  from space 512K, 98% used [0x00000000d6780000,0x00000000d67fea68,0x00000000d6800000)
  to   space 1536K, 0% used [0x00000000d6a80000,0x00000000d6a80000,0x00000000d6c00000)
 ParOldGen       total 68608K, used 21931K [0x0000000080000000, 0x0000000084300000, 0x00000000d5580000)
  object space 68608K, 31% used [0x0000000080000000,0x000000008156ac80,0x0000000084300000)
 Metaspace       used 24648K, committed 25472K, reserved 1114112K
  class space    used 2429K, committed 2752K, reserved 1048576K
}
Event: 16.106 GC heap before
{Heap before GC invocations=13 (full 1):
 PSYoungGen      total 18432K, used 17923K [0x00000000d5580000, 0x00000000d6c00000, 0x0000000100000000)
  eden space 17920K, 97% used [0x00000000d5580000,0x00000000d66823d8,0x00000000d6700000)
  from space 512K, 98% used [0x00000000d6780000,0x00000000d67fea68,0x00000000d6800000)
  to   space 1536K, 0% used [0x00000000d6a80000,0x00000000d6a80000,0x00000000d6c00000)
 ParOldGen       total 68608K, used 21931K [0x0000000080000000, 0x0000000084300000, 0x00000000d5580000)
  object space 68608K, 31% used [0x0000000080000000,0x000000008156ac80,0x0000000084300000)
 Metaspace       used 26800K, committed 27584K, reserved 1114112K
  class space    used 2615K, committed 2944K, reserved 1048576K
}
Event: 16.108 GC heap after
{Heap after GC invocations=13 (full 1):
 PSYoungGen      total 19456K, used 1275K [0x00000000d5580000, 0x00000000d6c00000, 0x0000000100000000)
  eden space 17920K, 0% used [0x00000000d5580000,0x00000000d5580000,0x00000000d6700000)
  from space 1536K, 83% used [0x00000000d6a80000,0x00000000d6bbeda0,0x00000000d6c00000)
  to   space 1536K, 0% used [0x00000000d6900000,0x00000000d6900000,0x00000000d6a80000)
 ParOldGen       total 68608K, used 22079K [0x0000000080000000, 0x0000000084300000, 0x00000000d5580000)
  object space 68608K, 32% used [0x0000000080000000,0x000000008158fd60,0x0000000084300000)
 Metaspace       used 26800K, committed 27584K, reserved 1114112K
  class space    used 2615K, committed 2944K, reserved 1048576K
}
Event: 16.432 GC heap before
{Heap before GC invocations=14 (full 1):
 PSYoungGen      total 19456K, used 19195K [0x00000000d5580000, 0x00000000d6c00000, 0x0000000100000000)
  eden space 17920K, 100% used [0x00000000d5580000,0x00000000d6700000,0x00000000d6700000)
  from space 1536K, 83% used [0x00000000d6a80000,0x00000000d6bbeda0,0x00000000d6c00000)
  to   space 1536K, 0% used [0x00000000d6900000,0x00000000d6900000,0x00000000d6a80000)
 ParOldGen       total 68608K, used 22079K [0x0000000080000000, 0x0000000084300000, 0x00000000d5580000)
  object space 68608K, 32% used [0x0000000080000000,0x000000008158fd60,0x0000000084300000)
 Metaspace       used 27788K, committed 28672K, reserved 1114112K
  class space    used 2691K, committed 3008K, reserved 1048576K
}
Event: 16.436 GC heap after
{Heap after GC invocations=14 (full 1):
 PSYoungGen      total 19456K, used 1046K [0x00000000d5580000, 0x00000000d6b00000, 0x0000000100000000)
  eden space 17920K, 0% used [0x00000000d5580000,0x00000000d5580000,0x00000000d6700000)
  from space 1536K, 68% used [0x00000000d6900000,0x00000000d6a05a58,0x00000000d6a80000)
  to   space 512K, 0% used [0x00000000d6a80000,0x00000000d6a80000,0x00000000d6b00000)
 ParOldGen       total 68608K, used 23950K [0x0000000080000000, 0x0000000084300000, 0x00000000d5580000)
  object space 68608K, 34% used [0x0000000080000000,0x0000000081763818,0x0000000084300000)
 Metaspace       used 27788K, committed 28672K, reserved 1114112K
  class space    used 2691K, committed 3008K, reserved 1048576K
}
Event: 16.916 GC heap before
{Heap before GC invocations=15 (full 1):
 PSYoungGen      total 19456K, used 18966K [0x00000000d5580000, 0x00000000d6b00000, 0x0000000100000000)
  eden space 17920K, 100% used [0x00000000d5580000,0x00000000d6700000,0x00000000d6700000)
  from space 1536K, 68% used [0x00000000d6900000,0x00000000d6a05a58,0x00000000d6a80000)
  to   space 512K, 0% used [0x00000000d6a80000,0x00000000d6a80000,0x00000000d6b00000)
 ParOldGen       total 68608K, used 23950K [0x0000000080000000, 0x0000000084300000, 0x00000000d5580000)
  object space 68608K, 34% used [0x0000000080000000,0x0000000081763818,0x0000000084300000)
 Metaspace       used 29966K, committed 30912K, reserved 1114112K
  class space    used 2946K, committed 3328K, reserved 1048576K
}
Event: 16.919 GC heap after
{Heap after GC invocations=15 (full 1):
 PSYoungGen      total 18432K, used 512K [0x00000000d5580000, 0x00000000d6b00000, 0x0000000100000000)
  eden space 17920K, 0% used [0x00000000d5580000,0x00000000d5580000,0x00000000d6700000)
  from space 512K, 100% used [0x00000000d6a80000,0x00000000d6b00000,0x00000000d6b00000)
  to   space 1536K, 0% used [0x00000000d6800000,0x00000000d6800000,0x00000000d6980000)
 ParOldGen       total 68608K, used 24710K [0x0000000080000000, 0x0000000084300000, 0x00000000d5580000)
  object space 68608K, 36% used [0x0000000080000000,0x0000000081821a48,0x0000000084300000)
 Metaspace       used 29966K, committed 30912K, reserved 1114112K
  class space    used 2946K, committed 3328K, reserved 1048576K
}

