# JRE version: OpenJDK Runtime Environment Temurin-21.0.8+9 (21.0.8+9) (build 21.0.8+9-LTS)
# Java VM: OpenJDK 64-Bit Server VM Temurin-21.0.8+9 (21.0.8+9-LTS, mixed mode, sharing, tiered, compressed oops, compressed class ptrs, parallel gc, windows-amd64)
GC Precious Log:
 CardTable entry size: 512
 CPUs: 16 total, 16 available
 Memory: 16066M
 Large Page Support: Disabled
 NUMA Support: Disabled
 Compressed Oops: Enabled (32-bit)
 Alignments: Space 512K, Generation 512K, Heap 2M
 Heap Min Capacity: 100M
 Heap Initial Capacity: 100M
 Heap Max Capacity: 2G
 Pre-touch: Disabled
 Parallel Workers: 13
Heap:
 PSYoungGen      total 18432K, used 14697K [0x00000000d5580000, 0x00000000d6e00000, 0x0000000100000000)
  eden space 17408K, 78% used [0x00000000d5580000,0x00000000d62e2610,0x00000000d6680000)
  from space 1024K, 96% used [0x00000000d6a00000,0x00000000d6af81a0,0x00000000d6b00000)
  to   space 3584K, 0% used [0x00000000d6680000,0x00000000d6680000,0x00000000d6a00000)
 ParOldGen       total 92672K, used 92548K [0x0000000080000000, 0x0000000085a80000, 0x00000000d5580000)
  object space 92672K, 99% used [0x0000000080000000,0x0000000085a610d8,0x0000000085a80000)
 Metaspace       used 77937K, committed 79296K, reserved 1179648K
  class space    used 9426K, committed 10048K, reserved 1048576K
GC Heap History (20 events):
Event: 90.987 GC heap before
{Heap before GC invocations=56 (full 3):
 PSYoungGen      total 20992K, used 20819K [0x00000000d5580000, 0x00000000d6e80000, 0x0000000100000000)
  eden space 19456K, 100% used [0x00000000d5580000,0x00000000d6880000,0x00000000d6880000)
  from space 1536K, 88% used [0x00000000d6d00000,0x00000000d6e54c60,0x00000000d6e80000)
  to   space 2048K, 0% used [0x00000000d6a80000,0x00000000d6a80000,0x00000000d6c80000)
 ParOldGen       total 80384K, used 80296K [0x0000000080000000, 0x0000000084e80000, 0x00000000d5580000)
  object space 80384K, 99% used [0x0000000080000000,0x0000000084e6a008,0x0000000084e80000)
 Metaspace       used 74648K, committed 76096K, reserved 1179648K
  class space    used 8993K, committed 9664K, reserved 1048576K
}
Event: 90.993 GC heap after
{Heap after GC invocations=56 (full 3):
 PSYoungGen      total 21504K, used 2031K [0x00000000d5580000, 0x00000000d6e80000, 0x0000000100000000)
  eden space 19456K, 0% used [0x00000000d5580000,0x00000000d5580000,0x00000000d6880000)
  from space 2048K, 99% used [0x00000000d6a80000,0x00000000d6c7bde8,0x00000000d6c80000)
  to   space 2048K, 0% used [0x00000000d6c80000,0x00000000d6c80000,0x00000000d6e80000)
 ParOldGen       total 80896K, used 80732K [0x0000000080000000, 0x0000000084f00000, 0x00000000d5580000)
  object space 80896K, 99% used [0x0000000080000000,0x0000000084ed7168,0x0000000084f00000)
 Metaspace       used 74648K, committed 76096K, reserved 1179648K
  class space    used 8993K, committed 9664K, reserved 1048576K
}
Event: 92.221 GC heap before
{Heap before GC invocations=57 (full 3):
 PSYoungGen      total 21504K, used 21487K [0x00000000d5580000, 0x00000000d6e80000, 0x0000000100000000)
  eden space 19456K, 100% used [0x00000000d5580000,0x00000000d6880000,0x00000000d6880000)
  from space 2048K, 99% used [0x00000000d6a80000,0x00000000d6c7bde8,0x00000000d6c80000)
  to   space 2048K, 0% used [0x00000000d6c80000,0x00000000d6c80000,0x00000000d6e80000)
 ParOldGen       total 80896K, used 80732K [0x0000000080000000, 0x0000000084f00000, 0x00000000d5580000)
  object space 80896K, 99% used [0x0000000080000000,0x0000000084ed7168,0x0000000084f00000)
 Metaspace       used 74695K, committed 76096K, reserved 1179648K
  class space    used 8996K, committed 9664K, reserved 1048576K
}
Event: 92.230 GC heap after
{Heap after GC invocations=57 (full 3):
 PSYoungGen      total 20992K, used 1398K [0x00000000d5580000, 0x00000000d6e00000, 0x0000000100000000)
  eden space 19456K, 0% used [0x00000000d5580000,0x00000000d5580000,0x00000000d6880000)
  from space 1536K, 91% used [0x00000000d6c80000,0x00000000d6ddd9d0,0x00000000d6e00000)
  to   space 2048K, 0% used [0x00000000d6a00000,0x00000000d6a00000,0x00000000d6c00000)
 ParOldGen       total 82432K, used 82067K [0x0000000080000000, 0x0000000085080000, 0x00000000d5580000)
  object space 82432K, 99% used [0x0000000080000000,0x0000000085024f40,0x0000000085080000)
 Metaspace       used 74695K, committed 76096K, reserved 1179648K
  class space    used 8996K, committed 9664K, reserved 1048576K
}
Event: 92.986 GC heap before
{Heap before GC invocations=58 (full 3):
 PSYoungGen      total 20992K, used 20854K [0x00000000d5580000, 0x00000000d6e00000, 0x0000000100000000)
  eden space 19456K, 100% used [0x00000000d5580000,0x00000000d6880000,0x00000000d6880000)
  from space 1536K, 91% used [0x00000000d6c80000,0x00000000d6ddd9d0,0x00000000d6e00000)
  to   space 2048K, 0% used [0x00000000d6a00000,0x00000000d6a00000,0x00000000d6c00000)
 ParOldGen       total 82432K, used 82067K [0x0000000080000000, 0x0000000085080000, 0x00000000d5580000)
  object space 82432K, 99% used [0x0000000080000000,0x0000000085024f40,0x0000000085080000)
 Metaspace       used 74721K, committed 76160K, reserved 1179648K
  class space    used 8996K, committed 9664K, reserved 1048576K
}
Event: 92.989 GC heap after
{Heap after GC invocations=58 (full 3):
 PSYoungGen      total 20992K, used 1058K [0x00000000d5580000, 0x00000000d6d00000, 0x0000000100000000)
  eden space 19456K, 0% used [0x00000000d5580000,0x00000000d5580000,0x00000000d6880000)
  from space 1536K, 68% used [0x00000000d6a00000,0x00000000d6b08b20,0x00000000d6b80000)
  to   space 1536K, 0% used [0x00000000d6b80000,0x00000000d6b80000,0x00000000d6d00000)
 ParOldGen       total 83456K, used 83277K [0x0000000080000000, 0x0000000085180000, 0x00000000d5580000)
  object space 83456K, 99% used [0x0000000080000000,0x00000000851534a8,0x0000000085180000)
 Metaspace       used 74721K, committed 76160K, reserved 1179648K
  class space    used 8996K, committed 9664K, reserved 1048576K
}
Event: 93.806 GC heap before
{Heap before GC invocations=59 (full 3):
 PSYoungGen      total 20992K, used 20514K [0x00000000d5580000, 0x00000000d6d00000, 0x0000000100000000)
  eden space 19456K, 100% used [0x00000000d5580000,0x00000000d6880000,0x00000000d6880000)
  from space 1536K, 68% used [0x00000000d6a00000,0x00000000d6b08b20,0x00000000d6b80000)
  to   space 1536K, 0% used [0x00000000d6b80000,0x00000000d6b80000,0x00000000d6d00000)
 ParOldGen       total 83456K, used 83277K [0x0000000080000000, 0x0000000085180000, 0x00000000d5580000)
  object space 83456K, 99% used [0x0000000080000000,0x00000000851534a8,0x0000000085180000)
 Metaspace       used 74854K, committed 76288K, reserved 1179648K
  class space    used 8999K, committed 9664K, reserved 1048576K
}
Event: 93.812 GC heap after
{Heap after GC invocations=59 (full 3):
 PSYoungGen      total 19456K, used 1526K [0x00000000d5580000, 0x00000000d7180000, 0x0000000100000000)
  eden space 17920K, 0% used [0x00000000d5580000,0x00000000d5580000,0x00000000d6700000)
  from space 1536K, 99% used [0x00000000d6b80000,0x00000000d6cfdb48,0x00000000d6d00000)
  to   space 4608K, 0% used [0x00000000d6700000,0x00000000d6700000,0x00000000d6b80000)
 ParOldGen       total 85504K, used 85448K [0x0000000080000000, 0x0000000085380000, 0x00000000d5580000)
  object space 85504K, 99% used [0x0000000080000000,0x0000000085372370,0x0000000085380000)
 Metaspace       used 74854K, committed 76288K, reserved 1179648K
  class space    used 8999K, committed 9664K, reserved 1048576K
}
Event: 94.684 GC heap before
{Heap before GC invocations=60 (full 3):
 PSYoungGen      total 19456K, used 19446K [0x00000000d5580000, 0x00000000d7180000, 0x0000000100000000)
  eden space 17920K, 100% used [0x00000000d5580000,0x00000000d6700000,0x00000000d6700000)
  from space 1536K, 99% used [0x00000000d6b80000,0x00000000d6cfdb48,0x00000000d6d00000)
  to   space 4608K, 0% used [0x00000000d6700000,0x00000000d6700000,0x00000000d6b80000)
 ParOldGen       total 85504K, used 85448K [0x0000000080000000, 0x0000000085380000, 0x00000000d5580000)
  object space 85504K, 99% used [0x0000000080000000,0x0000000085372370,0x0000000085380000)
 Metaspace       used 74873K, committed 76288K, reserved 1179648K
  class space    used 8999K, committed 9664K, reserved 1048576K
}
Event: 94.689 GC heap after
{Heap after GC invocations=60 (full 3):
 PSYoungGen      total 19456K, used 1520K [0x00000000d5580000, 0x00000000d6c00000, 0x0000000100000000)
  eden space 17920K, 0% used [0x00000000d5580000,0x00000000d5580000,0x00000000d6700000)
  from space 1536K, 98% used [0x00000000d6700000,0x00000000d687c010,0x00000000d6880000)
  to   space 2560K, 0% used [0x00000000d6980000,0x00000000d6980000,0x00000000d6c00000)
 ParOldGen       total 87040K, used 86532K [0x0000000080000000, 0x0000000085500000, 0x00000000d5580000)
  object space 87040K, 99% used [0x0000000080000000,0x0000000085481240,0x0000000085500000)
 Metaspace       used 74873K, committed 76288K, reserved 1179648K
  class space    used 8999K, committed 9664K, reserved 1048576K
}
Event: 95.123 GC heap before
{Heap before GC invocations=61 (full 3):
 PSYoungGen      total 19456K, used 19440K [0x00000000d5580000, 0x00000000d6c00000, 0x0000000100000000)
  eden space 17920K, 100% used [0x00000000d5580000,0x00000000d6700000,0x00000000d6700000)
  from space 1536K, 98% used [0x00000000d6700000,0x00000000d687c010,0x00000000d6880000)
  to   space 2560K, 0% used [0x00000000d6980000,0x00000000d6980000,0x00000000d6c00000)
 ParOldGen       total 87040K, used 86532K [0x0000000080000000, 0x0000000085500000, 0x00000000d5580000)
  object space 87040K, 99% used [0x0000000080000000,0x0000000085481288,0x0000000085500000)
 Metaspace       used 74912K, committed 76352K, reserved 1179648K
  class space    used 9000K, committed 9664K, reserved 1048576K
}
Event: 95.126 GC heap after
{Heap after GC invocations=61 (full 3):
 PSYoungGen      total 18944K, used 737K [0x00000000d5580000, 0x00000000d6a80000, 0x0000000100000000)
  eden space 17920K, 0% used [0x00000000d5580000,0x00000000d5580000,0x00000000d6700000)
  from space 1024K, 72% used [0x00000000d6980000,0x00000000d6a385d0,0x00000000d6a80000)
  to   space 1536K, 0% used [0x00000000d6780000,0x00000000d6780000,0x00000000d6900000)
 ParOldGen       total 87552K, used 87246K [0x0000000080000000, 0x0000000085580000, 0x00000000d5580000)
  object space 87552K, 99% used [0x0000000080000000,0x0000000085533978,0x0000000085580000)
 Metaspace       used 74912K, committed 76352K, reserved 1179648K
  class space    used 9000K, committed 9664K, reserved 1048576K
}
Event: 95.819 GC heap before
{Heap before GC invocations=62 (full 3):
 PSYoungGen      total 18944K, used 18657K [0x00000000d5580000, 0x00000000d6a80000, 0x0000000100000000)
  eden space 17920K, 100% used [0x00000000d5580000,0x00000000d6700000,0x00000000d6700000)
  from space 1024K, 72% used [0x00000000d6980000,0x00000000d6a385d0,0x00000000d6a80000)
  to   space 1536K, 0% used [0x00000000d6780000,0x00000000d6780000,0x00000000d6900000)
 ParOldGen       total 87552K, used 87250K [0x0000000080000000, 0x0000000085580000, 0x00000000d5580000)
  object space 87552K, 99% used [0x0000000080000000,0x0000000085534810,0x0000000085580000)
 Metaspace       used 75016K, committed 76416K, reserved 1179648K
  class space    used 9002K, committed 9664K, reserved 1048576K
}
Event: 95.823 GC heap after
{Heap after GC invocations=62 (full 3):
 PSYoungGen      total 19456K, used 1534K [0x00000000d5580000, 0x00000000d6d00000, 0x0000000100000000)
  eden space 17920K, 0% used [0x00000000d5580000,0x00000000d5580000,0x00000000d6700000)
  from space 1536K, 99% used [0x00000000d6780000,0x00000000d68ff9a0,0x00000000d6900000)
  to   space 3072K, 0% used [0x00000000d6a00000,0x00000000d6a00000,0x00000000d6d00000)
 ParOldGen       total 88576K, used 88228K [0x0000000080000000, 0x0000000085680000, 0x00000000d5580000)
  object space 88576K, 99% used [0x0000000080000000,0x00000000856293b8,0x0000000085680000)
 Metaspace       used 75016K, committed 76416K, reserved 1179648K
  class space    used 9002K, committed 9664K, reserved 1048576K
}
Event: 96.638 GC heap before
{Heap before GC invocations=63 (full 3):
 PSYoungGen      total 19456K, used 19454K [0x00000000d5580000, 0x00000000d6d00000, 0x0000000100000000)
  eden space 17920K, 100% used [0x00000000d5580000,0x00000000d6700000,0x00000000d6700000)
  from space 1536K, 99% used [0x00000000d6780000,0x00000000d68ff9a0,0x00000000d6900000)
  to   space 3072K, 0% used [0x00000000d6a00000,0x00000000d6a00000,0x00000000d6d00000)
 ParOldGen       total 88576K, used 88228K [0x0000000080000000, 0x0000000085680000, 0x00000000d5580000)
  object space 88576K, 99% used [0x0000000080000000,0x00000000856293b8,0x0000000085680000)
 Metaspace       used 75061K, committed 76480K, reserved 1179648K
  class space    used 9009K, committed 9664K, reserved 1048576K
}
Event: 96.644 GC heap after
{Heap after GC invocations=63 (full 3):
 PSYoungGen      total 19968K, used 1669K [0x00000000d5580000, 0x00000000d6c00000, 0x0000000100000000)
  eden space 17920K, 0% used [0x00000000d5580000,0x00000000d5580000,0x00000000d6700000)
  from space 2048K, 81% used [0x00000000d6a00000,0x00000000d6ba17c8,0x00000000d6c00000)
  to   space 2048K, 0% used [0x00000000d6800000,0x00000000d6800000,0x00000000d6a00000)
 ParOldGen       total 89600K, used 89228K [0x0000000080000000, 0x0000000085780000, 0x00000000d5580000)
  object space 89600K, 99% used [0x0000000080000000,0x00000000857230e0,0x0000000085780000)
 Metaspace       used 75061K, committed 76480K, reserved 1179648K
  class space    used 9009K, committed 9664K, reserved 1048576K
}
Event: 97.589 GC heap before
{Heap before GC invocations=64 (full 3):
 PSYoungGen      total 19968K, used 19589K [0x00000000d5580000, 0x00000000d6c00000, 0x0000000100000000)
  eden space 17920K, 100% used [0x00000000d5580000,0x00000000d6700000,0x00000000d6700000)
  from space 2048K, 81% used [0x00000000d6a00000,0x00000000d6ba17c8,0x00000000d6c00000)
  to   space 2048K, 0% used [0x00000000d6800000,0x00000000d6800000,0x00000000d6a00000)
 ParOldGen       total 89600K, used 89228K [0x0000000080000000, 0x0000000085780000, 0x00000000d5580000)
  object space 89600K, 99% used [0x0000000080000000,0x0000000085723118,0x0000000085780000)
 Metaspace       used 75100K, committed 76480K, reserved 1179648K
  class space    used 9010K, committed 9664K, reserved 1048576K
}
Event: 97.597 GC heap after
{Heap after GC invocations=64 (full 3):
 PSYoungGen      total 19968K, used 1664K [0x00000000d5580000, 0x00000000d6b00000, 0x0000000100000000)
  eden space 17920K, 0% used [0x00000000d5580000,0x00000000d5580000,0x00000000d6700000)
  from space 2048K, 81% used [0x00000000d6800000,0x00000000d69a0340,0x00000000d6a00000)
  to   space 1024K, 0% used [0x00000000d6a00000,0x00000000d6a00000,0x00000000d6b00000)
 ParOldGen       total 90624K, used 90534K [0x0000000080000000, 0x0000000085880000, 0x00000000d5580000)
  object space 90624K, 99% used [0x0000000080000000,0x0000000085869880,0x0000000085880000)
 Metaspace       used 75100K, committed 76480K, reserved 1179648K
  class space    used 9010K, committed 9664K, reserved 1048576K
}
Event: 98.654 GC heap before
{Heap before GC invocations=65 (full 3):
 PSYoungGen      total 19968K, used 19584K [0x00000000d5580000, 0x00000000d6b00000, 0x0000000100000000)
  eden space 17920K, 100% used [0x00000000d5580000,0x00000000d6700000,0x00000000d6700000)
  from space 2048K, 81% used [0x00000000d6800000,0x00000000d69a0340,0x00000000d6a00000)
  to   space 1024K, 0% used [0x00000000d6a00000,0x00000000d6a00000,0x00000000d6b00000)
 ParOldGen       total 90624K, used 90537K [0x0000000080000000, 0x0000000085880000, 0x00000000d5580000)
  object space 90624K, 99% used [0x0000000080000000,0x000000008586a728,0x0000000085880000)
 Metaspace       used 76526K, committed 77952K, reserved 1179648K
  class space    used 9221K, committed 9856K, reserved 1048576K
}
Event: 98.660 GC heap after
{Heap after GC invocations=65 (full 3):
 PSYoungGen      total 18432K, used 992K [0x00000000d5580000, 0x00000000d6e00000, 0x0000000100000000)
  eden space 17408K, 0% used [0x00000000d5580000,0x00000000d5580000,0x00000000d6680000)
  from space 1024K, 96% used [0x00000000d6a00000,0x00000000d6af81a0,0x00000000d6b00000)
  to   space 3584K, 0% used [0x00000000d6680000,0x00000000d6680000,0x00000000d6a00000)
 ParOldGen       total 92672K, used 92548K [0x0000000080000000, 0x0000000085a80000, 0x00000000d5580000)
  object space 92672K, 99% used [0x0000000080000000,0x0000000085a610d8,0x0000000085a80000)
 Metaspace       used 76526K, committed 77952K, reserved 1179648K
  class space    used 9221K, committed 9856K, reserved 1048576K
}

